  소스.cpp
C:\Users\YUHAN\Desktop\조롱이\PP01-1\PP11\소스.cpp(12,16): warning C4305: '초기화 중': 'double'에서 'float'(으)로 잘립니다.
C:\Users\YUHAN\Desktop\조롱이\PP01-1\PP11\소스.cpp(13,16): warning C4305: '초기화 중': 'double'에서 'float'(으)로 잘립니다.
C:\Users\YUHAN\Desktop\조롱이\PP01-1\PP11\소스.cpp(16,16): warning C4305: '초기화 중': 'double'에서 'float'(으)로 잘립니다.
C:\Users\YUHAN\Desktop\조롱이\PP01-1\PP11\소스.cpp(18,16): warning C4305: '초기화 중': 'double'에서 'float'(으)로 잘립니다.
C:\Users\YUHAN\Desktop\조롱이\PP01-1\PP11\소스.cpp(19,16): warning C4305: '초기화 중': 'double'에서 'float'(으)로 잘립니다.
C:\Users\YUHAN\Desktop\조롱이\PP01-1\PP11\소스.cpp(22,16): warning C4305: '초기화 중': 'double'에서 'float'(으)로 잘립니다.
C:\Users\YUHAN\Desktop\조롱이\PP01-1\PP11\소스.cpp(31,13): warning C4244: '=': 'double'에서 'float'(으)로 변환하면서 데이터가 손실될 수 있습니다.
C:\Users\YUHAN\Desktop\조롱이\PP01-1\PP11\소스.cpp(32,13): warning C4244: '=': 'double'에서 'float'(으)로 변환하면서 데이터가 손실될 수 있습니다.
C:\Users\YUHAN\Desktop\조롱이\PP01-1\PP11\소스.cpp(33,13): warning C4244: '=': 'double'에서 'float'(으)로 변환하면서 데이터가 손실될 수 있습니다.
C:\Users\YUHAN\Desktop\조롱이\PP01-1\PP11\소스.cpp(34,13): warning C4244: '=': 'double'에서 'float'(으)로 변환하면서 데이터가 손실될 수 있습니다.
C:\Users\YUHAN\Desktop\조롱이\PP01-1\PP11\소스.cpp(35,13): warning C4244: '=': 'double'에서 'float'(으)로 변환하면서 데이터가 손실될 수 있습니다.
C:\Users\YUHAN\Desktop\조롱이\PP01-1\PP11\소스.cpp(36,13): warning C4244: '=': 'double'에서 'float'(으)로 변환하면서 데이터가 손실될 수 있습니다.
C:\Users\YUHAN\Desktop\조롱이\PP01-1\PP11\소스.cpp(39,13): warning C4244: '=': 'double'에서 'float'(으)로 변환하면서 데이터가 손실될 수 있습니다.
C:\Users\YUHAN\Desktop\조롱이\PP01-1\PP11\소스.cpp(40,13): warning C4244: '=': 'double'에서 'float'(으)로 변환하면서 데이터가 손실될 수 있습니다.
C:\Users\YUHAN\Desktop\조롱이\PP01-1\PP11\소스.cpp(41,13): warning C4244: '=': 'double'에서 'float'(으)로 변환하면서 데이터가 손실될 수 있습니다.
C:\Users\YUHAN\Desktop\조롱이\PP01-1\PP11\소스.cpp(42,13): warning C4244: '=': 'double'에서 'float'(으)로 변환하면서 데이터가 손실될 수 있습니다.
C:\Users\YUHAN\Desktop\조롱이\PP01-1\PP11\소스.cpp(43,13): warning C4244: '=': 'double'에서 'float'(으)로 변환하면서 데이터가 손실될 수 있습니다.
C:\Users\YUHAN\Desktop\조롱이\PP01-1\PP11\소스.cpp(44,13): warning C4244: '=': 'double'에서 'float'(으)로 변환하면서 데이터가 손실될 수 있습니다.
C:\Users\YUHAN\Desktop\조롱이\PP01-1\PP11\소스.cpp(47,13): warning C4244: '=': 'double'에서 'float'(으)로 변환하면서 데이터가 손실될 수 있습니다.
C:\Users\YUHAN\Desktop\조롱이\PP01-1\PP11\소스.cpp(48,13): warning C4244: '=': 'double'에서 'float'(으)로 변환하면서 데이터가 손실될 수 있습니다.
C:\Users\YUHAN\Desktop\조롱이\PP01-1\PP11\소스.cpp(49,13): warning C4244: '=': 'double'에서 'float'(으)로 변환하면서 데이터가 손실될 수 있습니다.
C:\Users\YUHAN\Desktop\조롱이\PP01-1\PP11\소스.cpp(50,13): warning C4244: '=': 'double'에서 'float'(으)로 변환하면서 데이터가 손실될 수 있습니다.
C:\Users\YUHAN\Desktop\조롱이\PP01-1\PP11\소스.cpp(51,13): warning C4244: '=': 'double'에서 'float'(으)로 변환하면서 데이터가 손실될 수 있습니다.
C:\Users\YUHAN\Desktop\조롱이\PP01-1\PP11\소스.cpp(52,13): warning C4244: '=': 'double'에서 'float'(으)로 변환하면서 데이터가 손실될 수 있습니다.
C:\Users\YUHAN\Desktop\조롱이\PP01-1\PP11\소스.cpp(55,13): warning C4244: '=': 'double'에서 'float'(으)로 변환하면서 데이터가 손실될 수 있습니다.
C:\Users\YUHAN\Desktop\조롱이\PP01-1\PP11\소스.cpp(56,13): warning C4244: '=': 'double'에서 'float'(으)로 변환하면서 데이터가 손실될 수 있습니다.
C:\Users\YUHAN\Desktop\조롱이\PP01-1\PP11\소스.cpp(57,13): warning C4244: '=': 'double'에서 'float'(으)로 변환하면서 데이터가 손실될 수 있습니다.
C:\Users\YUHAN\Desktop\조롱이\PP01-1\PP11\소스.cpp(58,13): warning C4244: '=': 'double'에서 'float'(으)로 변환하면서 데이터가 손실될 수 있습니다.
C:\Users\YUHAN\Desktop\조롱이\PP01-1\PP11\소스.cpp(59,13): warning C4244: '=': 'double'에서 'float'(으)로 변환하면서 데이터가 손실될 수 있습니다.
C:\Users\YUHAN\Desktop\조롱이\PP01-1\PP11\소스.cpp(60,13): warning C4244: '=': 'double'에서 'float'(으)로 변환하면서 데이터가 손실될 수 있습니다.
C:\Users\YUHAN\Desktop\조롱이\PP01-1\PP11\소스.cpp(98,22): warning C4305: '인수': 'double'에서 'GLfloat'(으)로 잘립니다.
C:\Users\YUHAN\Desktop\조롱이\PP01-1\PP11\소스.cpp(99,22): warning C4305: '인수': 'double'에서 'GLfloat'(으)로 잘립니다.
C:\Users\YUHAN\Desktop\조롱이\PP01-1\PP11\소스.cpp(100,22): warning C4305: '인수': 'double'에서 'GLfloat'(으)로 잘립니다.
C:\Users\YUHAN\Desktop\조롱이\PP01-1\PP11\소스.cpp(102,22): warning C4305: '인수': 'double'에서 'GLfloat'(으)로 잘립니다.
C:\Users\YUHAN\Desktop\조롱이\PP01-1\PP11\소스.cpp(103,22): warning C4305: '인수': 'double'에서 'GLfloat'(으)로 잘립니다.
  PP11.vcxproj -> C:\Users\YUHAN\Desktop\조롱이\PP01-1\x64\Debug\PP11.exe
